d2f23ce13451c803c728e7f84488115c76f1fc2c|++*淦*++|GitHub|++*淦*++|Fri Mar 13 15:42:24 2020 +0800|++*淦*++|noreply@github.com|++*淦*++|add again f.txt|++*淦*++|b5185473d884cf0b2d491665d2bf6f92b40ad762
b5185473d884cf0b2d491665d2bf6f92b40ad762|++*淦*++|upsnailNostalgia|++*淦*++|Fri Mar 13 15:37:19 2020 +0800|++*淦*++|1033680850@qq.com|++*淦*++|add new line in f.txt|++*淦*++|eefc0b1e5355f00701ea1ff41c2a90b943312973
eefc0b1e5355f00701ea1ff41c2a90b943312973|++*淦*++|upsnailNostalgia|++*淦*++|Fri Mar 13 15:31:18 2020 +0800|++*淦*++|1033680850@qq.com|++*淦*++|add f.txt|++*淦*++|048491a443395b202cb4bb57ac6d78369c6041d6
048491a443395b202cb4bb57ac6d78369c6041d6|++*淦*++|GitHub|++*淦*++|Fri Dec 6 18:10:00 2019 +0800|++*淦*++|noreply@github.com|++*淦*++|Rename nonefile to nonefile.md|++*淦*++|93d04ad72188246fdae26c5b8ebb4fc3c854f70f
93d04ad72188246fdae26c5b8ebb4fc3c854f70f|++*淦*++|GitHub|++*淦*++|Fri Dec 6 18:09:33 2019 +0800|++*淦*++|noreply@github.com|++*淦*++|Update nonefile|++*淦*++|f4020855a9738111948b016ac8f01f9891fadf64
f4020855a9738111948b016ac8f01f9891fadf64|++*淦*++|GitHub|++*淦*++|Fri Dec 6 18:07:14 2019 +0800|++*淦*++|noreply@github.com|++*淦*++|Add files via upload|++*淦*++|ebfd419e6c1bf05adb36de036548786adda5773c
ebfd419e6c1bf05adb36de036548786adda5773c|++*淦*++|GitHub|++*淦*++|Fri Dec 6 18:05:48 2019 +0800|++*淦*++|noreply@github.com|++*淦*++|Create nonefile|++*淦*++|a903d7e2e60fb285366d5f6106d2ecb5b0a6cbc3
a903d7e2e60fb285366d5f6106d2ecb5b0a6cbc3|++*淦*++|upsnailNostalgia|++*淦*++|Sun Jun 2 10:35:47 2019 +0800|++*淦*++|1033680850@qq.com|++*淦*++|this is to test amend second amend!|++*淦*++|6ddd94828317ba80edf39e914212a82979409528
6ddd94828317ba80edf39e914212a82979409528|++*淦*++|upsnailNostalgia|++*淦*++|Sun Jun 2 09:26:13 2019 +0800|++*淦*++|1033680850@qq.com|++*淦*++|yes|++*淦*++|a3a347d62f2362193da31cfbe553ff68a5c1ab9f
a3a347d62f2362193da31cfbe553ff68a5c1ab9f|++*淦*++|upsnailNostalgia|++*淦*++|Sat Jun 1 14:36:39 2019 +0800|++*淦*++|1033680850@qq.com|++*淦*++|next master commit|++*淦*++|3703536612119bf2cefc421637dace0bbe1eb9ee cbc49105fa6f124e83ccf1c9a9c8ac1d33410b02
3703536612119bf2cefc421637dace0bbe1eb9ee|++*淦*++|upsnailNostalgia|++*淦*++|Sat Jun 1 14:25:06 2019 +0800|++*淦*++|1033680850@qq.com|++*淦*++|All worlds|++*淦*++|2cce575478b62107decfe62e291303e70f7d6a01
cbc49105fa6f124e83ccf1c9a9c8ac1d33410b02|++*淦*++|upsnailNostalgia|++*淦*++|Sat Jun 1 14:23:53 2019 +0800|++*淦*++|1033680850@qq.com|++*淦*++|One world|++*淦*++|bcd7135605fc573a05c0f78767b25d07afaec5ac
2cce575478b62107decfe62e291303e70f7d6a01|++*淦*++|upsnailNostalgia|++*淦*++|Sat Jun 1 14:21:48 2019 +0800|++*淦*++|1033680850@qq.com|++*淦*++|Initial b text|++*淦*++|bcd7135605fc573a05c0f78767b25d07afaec5ac
bcd7135605fc573a05c0f78767b25d07afaec5ac|++*淦*++|upsnailNostalgia|++*淦*++|Sat Jun 1 10:50:09 2019 +0800|++*淦*++|1033680850@qq.com|++*淦*++|add e.txt|++*淦*++|02c2038c55befdc724f4521a7b82697f6a611bbf
02c2038c55befdc724f4521a7b82697f6a611bbf|++*淦*++|upsnailNostalgia|++*淦*++|Mon May 27 15:43:07 2019 +0800|++*淦*++|1033680850@qq.com|++*淦*++|cccccccccc|++*淦*++|457920b491558dacf0ed482574e03f471cbfec1a
457920b491558dacf0ed482574e03f471cbfec1a|++*淦*++|upsnailNostalgia|++*淦*++|Mon May 27 15:33:57 2019 +0800|++*淦*++|1033680850@qq.com|++*淦*++|bbbbbbbb|++*淦*++|81f011aadafbd1ac813b202d53761229820ae819
81f011aadafbd1ac813b202d53761229820ae819|++*淦*++|upsnailNostalgia|++*淦*++|Mon May 27 15:31:47 2019 +0800|++*淦*++|1033680850@qq.com|++*淦*++|aaaaaa|++*淦*++|5f03dce8e8458b670ba4332415f3aacc90c64db6
5f03dce8e8458b670ba4332415f3aacc90c64db6|++*淦*++|upsnailNostalgia|++*淦*++|Fri May 24 09:30:50 2019 +0800|++*淦*++|1033680850@qq.com|++*淦*++|test 2nd commit|++*淦*++|d30f8a1601a20ed411705e888e80c5dca1eaa289
d30f8a1601a20ed411705e888e80c5dca1eaa289|++*淦*++|upsnailNostalgia|++*淦*++|Fri May 24 09:29:07 2019 +0800|++*淦*++|1033680850@qq.com|++*淦*++|test commit 1st commit|++*淦*++|b1bee5fe5f5b380a9ffae9eb0b229d0d2ff216d7
b1bee5fe5f5b380a9ffae9eb0b229d0d2ff216d7|++*淦*++|upsnailNostalgia|++*淦*++|Fri Mar 29 10:55:44 2019 +0800|++*淦*++|1033680850@qq.com|++*淦*++|test the fetch and merge|++*淦*++|b75e9d3d00b19eb301e678862012909b3c23cbfd 3f87bcb02fbedd6a82c8ab60ff8b24eabe93ddbd
b75e9d3d00b19eb301e678862012909b3c23cbfd|++*淦*++|upsnailNostalgia|++*淦*++|Fri Mar 29 10:35:59 2019 +0800|++*淦*++|1033680850@qq.com|++*淦*++|test testGit|++*淦*++|50ca844cf0c0a5938fc98c3153d024318101b4e3
3f87bcb02fbedd6a82c8ab60ff8b24eabe93ddbd|++*淦*++|upsnailNostalgia|++*淦*++|Fri Mar 29 10:34:13 2019 +0800|++*淦*++|1033680850@qq.com|++*淦*++|test gitTest|++*淦*++|50ca844cf0c0a5938fc98c3153d024318101b4e3
50ca844cf0c0a5938fc98c3153d024318101b4e3|++*淦*++|upsnailNostalgia|++*淦*++|Fri Mar 29 09:55:33 2019 +0800|++*淦*++|1033680850@qq.com|++*淦*++|test the changed remote name|++*淦*++|b70d2663443e5a9995164bcfab43e0a4be90a9e4
b70d2663443e5a9995164bcfab43e0a4be90a9e4|++*淦*++|upsnailNostalgia|++*淦*++|Fri Mar 29 09:16:29 2019 +0800|++*淦*++|1033680850@qq.com|++*淦*++|add the d.txt|++*淦*++|a219e166ec0b47f1bab3ad549dcbbf0496e7eb27
a219e166ec0b47f1bab3ad549dcbbf0496e7eb27|++*淦*++|upsnailNostalgia|++*淦*++|Thu Mar 28 12:39:23 2019 +0800|++*淦*++|1033680850@qq.com|++*淦*++|forth commit|++*淦*++|f26bc9a1b31b6f1a8b32904fe47aac6cb0c51189
f26bc9a1b31b6f1a8b32904fe47aac6cb0c51189|++*淦*++|upsnailNostalgia|++*淦*++|Thu Mar 28 12:27:23 2019 +0800|++*淦*++|1033680850@qq.com|++*淦*++|third commit|++*淦*++|9019284cebb7c0e67e689c2fbe84c1d78c390b87
9019284cebb7c0e67e689c2fbe84c1d78c390b87|++*淦*++|upsnailNostalgia|++*淦*++|Thu Mar 28 12:20:17 2019 +0800|++*淦*++|1033680850@qq.com|++*淦*++|second commit|++*淦*++|5c256e1cd7a128481bd09a07037d5da07224f2bc
5c256e1cd7a128481bd09a07037d5da07224f2bc|++*淦*++|upsnailNostalgia|++*淦*++|Thu Mar 28 11:30:34 2019 +0800|++*淦*++|1033680850@qq.com|++*淦*++|Merge branch 'master' of https://github.com/upsnailNostalgia/testGit|++*淦*++|d694a09a9448043733e30474f03c59f8ce415113 34825a75b384c1295454d1310a1fe871240b23aa
d694a09a9448043733e30474f03c59f8ce415113|++*淦*++|upsnailNostalgia|++*淦*++|Thu Mar 28 11:23:17 2019 +0800|++*淦*++|1033680850@qq.com|++*淦*++|first commit|++*淦*++|0cd7b1d8a3ec9625447973b5d76b926e878cb8c6
34825a75b384c1295454d1310a1fe871240b23aa|++*淦*++|GitHub|++*淦*++|Thu Mar 28 11:14:55 2019 +0800|++*淦*++|noreply@github.com|++*淦*++|Initial commit|++*淦*++|
0cd7b1d8a3ec9625447973b5d76b926e878cb8c6|++*淦*++|upsnailNostalgia|++*淦*++|Thu Mar 28 11:03:44 2019 +0800|++*淦*++|1033680850@qq.com|++*淦*++|删除index.html|++*淦*++|9193cd0bd177e0d7ff9ce2a71f9ae973724ab05f
9193cd0bd177e0d7ff9ce2a71f9ae973724ab05f|++*淦*++|upsnailNostalgia|++*淦*++|Thu Mar 28 11:01:10 2019 +0800|++*淦*++|1033680850@qq.com|++*淦*++|index.html|++*淦*++|1059c2c008cd819c68020fa5680c886078916e10
1059c2c008cd819c68020fa5680c886078916e10|++*淦*++|upsnailNostalgia|++*淦*++|Thu Mar 28 10:54:23 2019 +0800|++*淦*++|1033680850@qq.com|++*淦*++|index.html|++*淦*++|