commit eefc0b1e5355f00701ea1ff41c2a90b943312973
Author: upsnailNostalgia <1033680850@qq.com>
Date:   Fri Mar 13 15:31:18 2020 +0800

    add f.txt

commit 048491a443395b202cb4bb57ac6d78369c6041d6
Author: Bruce Chou <43558482+upsnailNostalgia@users.noreply.github.com>
Date:   Fri Dec 6 18:10:00 2019 +0800

    Rename nonefile to nonefile.md

commit 93d04ad72188246fdae26c5b8ebb4fc3c854f70f
Author: Bruce Chou <43558482+upsnailNostalgia@users.noreply.github.com>
Date:   Fri Dec 6 18:09:33 2019 +0800

    Update nonefile

commit f4020855a9738111948b016ac8f01f9891fadf64
Author: Bruce Chou <43558482+upsnailNostalgia@users.noreply.github.com>
Date:   Fri Dec 6 18:07:14 2019 +0800

    Add files via upload

commit ebfd419e6c1bf05adb36de036548786adda5773c
Author: Bruce Chou <43558482+upsnailNostalgia@users.noreply.github.com>
Date:   Fri Dec 6 18:05:48 2019 +0800

    Create nonefile

commit a903d7e2e60fb285366d5f6106d2ecb5b0a6cbc3
Author: upsnailNostalgia <1033680850@qq.com>
Date:   Sun Jun 2 10:35:04 2019 +0800

    this is to test amend
    second amend!

commit 6ddd94828317ba80edf39e914212a82979409528
Author: upsnailNostalgia <1033680850@qq.com>
Date:   Sun Jun 2 09:26:13 2019 +0800

    yes

commit a3a347d62f2362193da31cfbe553ff68a5c1ab9f
Merge: 3703536 cbc4910
Author: upsnailNostalgia <1033680850@qq.com>
Date:   Sat Jun 1 14:36:39 2019 +0800

    next master commit

commit 3703536612119bf2cefc421637dace0bbe1eb9ee
Author: upsnailNostalgia <1033680850@qq.com>
Date:   Sat Jun 1 14:25:06 2019 +0800

    All worlds

commit cbc49105fa6f124e83ccf1c9a9c8ac1d33410b02
Author: upsnailNostalgia <1033680850@qq.com>
Date:   Sat Jun 1 14:23:53 2019 +0800

    One world

commit 2cce575478b62107decfe62e291303e70f7d6a01
Author: upsnailNostalgia <1033680850@qq.com>
Date:   Sat Jun 1 14:21:48 2019 +0800

    Initial b text

commit bcd7135605fc573a05c0f78767b25d07afaec5ac
Author: upsnailNostalgia <1033680850@qq.com>
Date:   Sat Jun 1 10:50:09 2019 +0800

    add e.txt

commit 02c2038c55befdc724f4521a7b82697f6a611bbf
Author: upsnailNostalgia <1033680850@qq.com>
Date:   Mon May 27 15:43:07 2019 +0800

    cccccccccc

commit 457920b491558dacf0ed482574e03f471cbfec1a
Author: upsnailNostalgia <1033680850@qq.com>
Date:   Mon May 27 15:33:57 2019 +0800

    bbbbbbbb

commit 81f011aadafbd1ac813b202d53761229820ae819
Author: upsnailNostalgia <1033680850@qq.com>
Date:   Mon May 27 15:31:47 2019 +0800

    aaaaaa

commit 5f03dce8e8458b670ba4332415f3aacc90c64db6
Author: upsnailNostalgia <1033680850@qq.com>
Date:   Fri May 24 09:30:50 2019 +0800

    test 2nd commit

commit d30f8a1601a20ed411705e888e80c5dca1eaa289
Author: upsnailNostalgia <1033680850@qq.com>
Date:   Fri May 24 09:29:07 2019 +0800

    test commit 1st commit

commit b1bee5fe5f5b380a9ffae9eb0b229d0d2ff216d7
Merge: b75e9d3 3f87bcb
Author: upsnailNostalgia <1033680850@qq.com>
Date:   Fri Mar 29 10:55:44 2019 +0800

    test the fetch and merge

commit b75e9d3d00b19eb301e678862012909b3c23cbfd
Author: upsnailNostalgia <1033680850@qq.com>
Date:   Fri Mar 29 10:35:59 2019 +0800

    test testGit

commit 3f87bcb02fbedd6a82c8ab60ff8b24eabe93ddbd
Author: upsnailNostalgia <1033680850@qq.com>
Date:   Fri Mar 29 10:34:13 2019 +0800

    test gitTest

commit 50ca844cf0c0a5938fc98c3153d024318101b4e3
Author: upsnailNostalgia <1033680850@qq.com>
Date:   Fri Mar 29 09:55:33 2019 +0800

    test the changed remote name

commit b70d2663443e5a9995164bcfab43e0a4be90a9e4
Author: upsnailNostalgia <1033680850@qq.com>
Date:   Fri Mar 29 09:16:29 2019 +0800

    add the d.txt

commit a219e166ec0b47f1bab3ad549dcbbf0496e7eb27
Author: upsnailNostalgia <1033680850@qq.com>
Date:   Thu Mar 28 12:39:23 2019 +0800

    forth commit

commit f26bc9a1b31b6f1a8b32904fe47aac6cb0c51189
Author: upsnailNostalgia <1033680850@qq.com>
Date:   Thu Mar 28 12:27:23 2019 +0800

    third commit

commit 9019284cebb7c0e67e689c2fbe84c1d78c390b87
Author: upsnailNostalgia <1033680850@qq.com>
Date:   Thu Mar 28 12:20:17 2019 +0800

    second commit

commit 5c256e1cd7a128481bd09a07037d5da07224f2bc
Merge: d694a09 34825a7
Author: upsnailNostalgia <1033680850@qq.com>
Date:   Thu Mar 28 11:30:34 2019 +0800

    Merge branch 'master' of https://github.com/upsnailNostalgia/testGit

commit d694a09a9448043733e30474f03c59f8ce415113
Author: upsnailNostalgia <1033680850@qq.com>
Date:   Thu Mar 28 11:23:17 2019 +0800

    first commit

commit 34825a75b384c1295454d1310a1fe871240b23aa
Author: Bruce Chou <43558482+upsnailNostalgia@users.noreply.github.com>
Date:   Thu Mar 28 11:14:55 2019 +0800

    Initial commit

commit 0cd7b1d8a3ec9625447973b5d76b926e878cb8c6
Author: upsnailNostalgia <1033680850@qq.com>
Date:   Thu Mar 28 11:03:44 2019 +0800

    删除index.html

commit 9193cd0bd177e0d7ff9ce2a71f9ae973724ab05f
Author: upsnailNostalgia <1033680850@qq.com>
Date:   Thu Mar 28 11:01:10 2019 +0800

    index.html

commit 1059c2c008cd819c68020fa5680c886078916e10
Author: upsnailNostalgia <1033680850@qq.com>
Date:   Thu Mar 28 10:54:23 2019 +0800

    index.html
